2026-02-28 19:16:18 info: ✅ Server running on port 8080
2026-02-28 19:16:20 info: ✅ Scheduler initialized
2026-02-28 19:17:08 info: SIGINT received — shutting down gracefully
2026-02-28 19:32:26 info: ✅ Server running on port 8080
2026-02-28 19:32:27 info: ✅ reminder_jobs table verified
2026-02-28 19:32:27 error: Error initializing scheduled tasks: PgBoss is not a constructor
2026-02-28 19:32:27 info: ✅ Scheduler initialized
2026-02-28 19:33:13 info: ✅ Server running on port 8080
2026-02-28 19:33:14 info: ✅ reminder_jobs table verified
2026-02-28 19:33:14 info: [pg-boss] Started successfully
2026-02-28 19:33:14 info: ✅ All scheduled tasks initialized (pg-boss)
2026-02-28 19:33:14 info: ✅ Scheduler initialized
2026-02-28 19:49:15 info: [socket] WhatsApp socket handler registered
2026-02-28 19:49:15 info: ✅ Server running on port 8080
2026-02-28 19:49:16 info: ✅ reminder_jobs table verified
2026-02-28 19:49:16 info: [pg-boss] Started successfully
2026-02-28 19:49:16 info: ✅ All scheduled tasks initialized (pg-boss)
2026-02-28 19:49:16 info: ✅ Scheduler initialized
2026-02-28 20:00:22 info: [socket] WhatsApp socket handler registered
2026-02-28 20:00:22 info: ✅ Server running on port 8080
2026-02-28 20:00:23 info: ✅ reminder_jobs table verified
2026-02-28 20:00:23 info: [pg-boss] Started successfully
2026-02-28 20:00:23 info: ✅ All scheduled tasks initialized (pg-boss)
2026-02-28 20:00:23 info: ✅ Scheduler initialized
2026-03-01 12:55:48 info: [socket] WhatsApp socket handler registered
2026-03-01 12:55:48 info: ✅ Server running on port 8080 [development]
2026-03-01 12:55:48 info: ✅ reminder_jobs table verified
2026-03-01 12:55:49 info: [pg-boss] Started successfully
2026-03-01 12:55:49 info: ✅ All scheduled tasks initialized (pg-boss)
2026-03-01 12:55:49 info: ✅ Scheduler initialized
2026-03-01 13:24:16 debug: [socket] Client connected: rbO3GZqcnlUwrrA8AAAB
2026-03-01 13:24:40 debug: [socket] Client disconnected: rbO3GZqcnlUwrrA8AAAB
2026-03-01 13:37:44 debug: [socket] Client connected: QNlC7Tbc5v1aug6rAAAE
2026-03-01 13:37:50 info: [whatsappClient] Created session directory: C:\Users\admin\OneDrive\Desktop\HPRT\backend\whatsapp-session
2026-03-01 13:37:50 info: [whatsappClient] Initializing client...
2026-03-01 13:38:12 info: [whatsappClient] QR code generated — emitting to frontend
2026-03-01 13:38:28 debug: [socket] Client disconnected: QNlC7Tbc5v1aug6rAAAE
2026-03-01 13:39:11 info: [whatsappClient] QR code generated — emitting to frontend
2026-03-01 13:39:31 info: [whatsappClient] QR code generated — emitting to frontend
2026-03-01 13:39:51 info: [whatsappClient] QR code generated — emitting to frontend
2026-03-01 13:40:11 info: [whatsappClient] QR code generated — emitting to frontend
2026-03-01 13:40:31 info: [whatsappClient] QR code generated — emitting to frontend
2026-03-01 13:40:31 info: [whatsappClient] Disconnected: Max qrcode retries reached
2026-03-01 13:41:26 info: SIGINT received — shutting down gracefully
2026-03-01 13:41:26 info: HTTP server closed
2026-03-01 13:41:26 info: [whatsappClient] Shutting down...
2026-03-01 13:41:26 info: [pg-boss] Stopped
2026-03-01 16:26:08 info: [socket] WhatsApp socket handler registered
2026-03-01 16:26:08 info: ✅ Server running on port 8080 [development]
2026-03-01 16:26:09 info: ✅ reminder_jobs table verified
2026-03-01 16:26:10 info: [pg-boss] Started successfully
2026-03-01 16:26:10 info: ✅ All scheduled tasks initialized (pg-boss)
2026-03-01 16:26:10 info: ✅ Scheduler initialized
2026-03-01 17:25:58 info: SIGINT received — shutting down gracefully
2026-03-01 17:25:58 info: HTTP server closed
2026-03-01 17:25:58 info: [whatsappClient] Shutting down...
